<?xml version="1.0" encoding="UTF-8"?>
<!-- Generated by org.testng.reporters.JUnitReportReporter -->
<testsuite hostname="MSI" failures="0" tests="1" name="Details.Email" time="7.130" errors="0" timestamp="2023-08-24T16:37:11 IST" skipped="0">
  <testcase classname="Details.Email" name="nameTest" time="7.130"/>
</testsuite> <!-- Details.Email -->
